[Tue Jan 16 09:46:21.899866 2024] [ssl:warn] [pid 1464:tid 632] AH01909: www.example.com:443:0 server certificate does NOT include an ID which matches the server name
[Tue Jan 16 09:46:22.056119 2024] [ssl:warn] [pid 1464:tid 632] AH01909: www.example.com:443:0 server certificate does NOT include an ID which matches the server name
[Tue Jan 16 09:46:22.087373 2024] [mpm_winnt:notice] [pid 1464:tid 632] AH00455: Apache/2.4.29 (Win32) OpenSSL/1.0.2l PHP/5.6.32 configured -- resuming normal operations
[Tue Jan 16 09:46:22.087373 2024] [mpm_winnt:notice] [pid 1464:tid 632] AH00456: Apache Lounge VC11 Server built: Oct 23 2017 12:17:08
[Tue Jan 16 09:46:22.087373 2024] [core:notice] [pid 1464:tid 632] AH00094: Command line: 'C:\\xampp\\apache\\bin\\httpd.exe -d C:/xampp/apache'
[Tue Jan 16 09:46:22.103005 2024] [mpm_winnt:notice] [pid 1464:tid 632] AH00418: Parent: Created child process 5684
[Tue Jan 16 09:46:22.712391 2024] [ssl:warn] [pid 5684:tid 644] AH01909: www.example.com:443:0 server certificate does NOT include an ID which matches the server name
[Tue Jan 16 09:46:22.837381 2024] [ssl:warn] [pid 5684:tid 644] AH01909: www.example.com:443:0 server certificate does NOT include an ID which matches the server name
[Tue Jan 16 09:46:22.884264 2024] [mpm_winnt:notice] [pid 5684:tid 644] AH00354: Child: Starting 150 worker threads.
[Tue Jan 16 09:48:50.561302 2024] [ssl:warn] [pid 5308:tid 668] AH01909: www.example.com:443:0 server certificate does NOT include an ID which matches the server name
[Tue Jan 16 09:48:50.701927 2024] [ssl:warn] [pid 5308:tid 668] AH01909: www.example.com:443:0 server certificate does NOT include an ID which matches the server name
[Tue Jan 16 09:48:50.733204 2024] [mpm_winnt:notice] [pid 5308:tid 668] AH00455: Apache/2.4.29 (Win32) OpenSSL/1.0.2l PHP/5.6.32 configured -- resuming normal operations
[Tue Jan 16 09:48:50.733204 2024] [mpm_winnt:notice] [pid 5308:tid 668] AH00456: Apache Lounge VC11 Server built: Oct 23 2017 12:17:08
[Tue Jan 16 09:48:50.733204 2024] [core:notice] [pid 5308:tid 668] AH00094: Command line: 'c:\\xampp\\apache\\bin\\httpd.exe -d C:/xampp/apache'
[Tue Jan 16 09:48:50.733204 2024] [mpm_winnt:notice] [pid 5308:tid 668] AH00418: Parent: Created child process 576
[Tue Jan 16 09:48:51.326933 2024] [ssl:warn] [pid 576:tid 204] AH01909: www.example.com:443:0 server certificate does NOT include an ID which matches the server name
[Tue Jan 16 09:48:51.451939 2024] [ssl:warn] [pid 576:tid 204] AH01909: www.example.com:443:0 server certificate does NOT include an ID which matches the server name
[Tue Jan 16 09:48:51.483210 2024] [mpm_winnt:notice] [pid 576:tid 204] AH00354: Child: Starting 150 worker threads.
[Tue Jan 16 09:53:22.515084 2024] [ssl:warn] [pid 788:tid 632] AH01909: www.example.com:443:0 server certificate does NOT include an ID which matches the server name
[Tue Jan 16 09:53:22.561991 2024] [core:warn] [pid 788:tid 632] AH00098: pid file C:/xampp/apache/logs/httpd.pid overwritten -- Unclean shutdown of previous Apache run?
[Tue Jan 16 09:53:22.655710 2024] [ssl:warn] [pid 788:tid 632] AH01909: www.example.com:443:0 server certificate does NOT include an ID which matches the server name
[Tue Jan 16 09:53:22.702590 2024] [mpm_winnt:notice] [pid 788:tid 632] AH00455: Apache/2.4.29 (Win32) OpenSSL/1.0.2l PHP/5.6.32 configured -- resuming normal operations
[Tue Jan 16 09:53:22.702590 2024] [mpm_winnt:notice] [pid 788:tid 632] AH00456: Apache Lounge VC11 Server built: Oct 23 2017 12:17:08
[Tue Jan 16 09:53:22.702590 2024] [core:notice] [pid 788:tid 632] AH00094: Command line: 'c:\\xampp\\apache\\bin\\httpd.exe -d C:/xampp/apache'
[Tue Jan 16 09:53:22.702590 2024] [mpm_winnt:notice] [pid 788:tid 632] AH00418: Parent: Created child process 5752
[Tue Jan 16 09:53:23.311996 2024] [ssl:warn] [pid 5752:tid 216] AH01909: www.example.com:443:0 server certificate does NOT include an ID which matches the server name
[Tue Jan 16 09:53:23.452596 2024] [ssl:warn] [pid 5752:tid 216] AH01909: www.example.com:443:0 server certificate does NOT include an ID which matches the server name
[Tue Jan 16 09:53:23.483847 2024] [mpm_winnt:notice] [pid 5752:tid 216] AH00354: Child: Starting 150 worker threads.
[Tue Jan 16 09:53:46.699687 2024] [:error] [pid 5752:tid 2076] [client ::1:61641] PHP Notice:  Undefined index: bluetooth in C:\\xampp\\htdocs\\lay_Default.php on line 136, referer: http://localhost/index.php?fuseaction=home.wired
[Tue Jan 16 09:53:48.071531 2024] [:error] [pid 5752:tid 2076] [client ::1:61641] PHP Warning:  mysql_errno() expects parameter 1 to be resource, boolean given in C:\\xampp\\htdocs\\sit_Quiz\\qry_DbConn.php on line 22, referer: http://localhost/index.php?fuseaction=tutorial.wired
[Tue Jan 16 09:53:48.071531 2024] [:error] [pid 5752:tid 2076] [client ::1:61641] PHP Warning:  mysql_error() expects parameter 1 to be resource, boolean given in C:\\xampp\\htdocs\\sit_Quiz\\qry_DbConn.php on line 22, referer: http://localhost/index.php?fuseaction=tutorial.wired
[Tue Jan 16 09:53:48.071531 2024] [:error] [pid 5752:tid 2076] [client ::1:61641] PHP Warning:  mysql_errno() expects parameter 1 to be resource, boolean given in C:\\xampp\\htdocs\\sit_Quiz\\qry_DbConn.php on line 27, referer: http://localhost/index.php?fuseaction=tutorial.wired
[Tue Jan 16 09:53:48.071531 2024] [:error] [pid 5752:tid 2076] [client ::1:61641] PHP Warning:  mysql_error() expects parameter 1 to be resource, boolean given in C:\\xampp\\htdocs\\sit_Quiz\\qry_DbConn.php on line 27, referer: http://localhost/index.php?fuseaction=tutorial.wired
[Tue Jan 16 09:53:48.072546 2024] [:error] [pid 5752:tid 2076] [client ::1:61641] PHP Warning:  mysql_error() expects parameter 1 to be resource, boolean given in C:\\xampp\\htdocs\\sit_Quiz\\qry_DbConn.php on line 39, referer: http://localhost/index.php?fuseaction=tutorial.wired
[Tue Jan 16 09:53:48.072546 2024] [:error] [pid 5752:tid 2076] [client ::1:61641] PHP Warning:  mysql_result() expects parameter 1 to be resource, null given in C:\\xampp\\htdocs\\sit_Quiz\\qry_DbConn.php on line 58, referer: http://localhost/index.php?fuseaction=tutorial.wired
[Tue Jan 16 09:53:48.083939 2024] [:error] [pid 5752:tid 2076] [client ::1:61641] PHP Warning:  mysql_errno() expects parameter 1 to be resource, boolean given in C:\\xampp\\htdocs\\sit_Quiz\\qry_DbConn.php on line 22, referer: http://localhost/index.php?fuseaction=tutorial.wired
[Tue Jan 16 09:53:48.083939 2024] [:error] [pid 5752:tid 2076] [client ::1:61641] PHP Warning:  mysql_error() expects parameter 1 to be resource, boolean given in C:\\xampp\\htdocs\\sit_Quiz\\qry_DbConn.php on line 22, referer: http://localhost/index.php?fuseaction=tutorial.wired
[Tue Jan 16 09:53:48.083939 2024] [:error] [pid 5752:tid 2076] [client ::1:61641] PHP Warning:  mysql_errno() expects parameter 1 to be resource, boolean given in C:\\xampp\\htdocs\\sit_Quiz\\qry_DbConn.php on line 27, referer: http://localhost/index.php?fuseaction=tutorial.wired
[Tue Jan 16 09:53:48.084923 2024] [:error] [pid 5752:tid 2076] [client ::1:61641] PHP Warning:  mysql_error() expects parameter 1 to be resource, boolean given in C:\\xampp\\htdocs\\sit_Quiz\\qry_DbConn.php on line 27, referer: http://localhost/index.php?fuseaction=tutorial.wired
[Tue Jan 16 09:53:48.084923 2024] [:error] [pid 5752:tid 2076] [client ::1:61641] PHP Warning:  mysql_error() expects parameter 1 to be resource, boolean given in C:\\xampp\\htdocs\\sit_Quiz\\qry_DbConn.php on line 39, referer: http://localhost/index.php?fuseaction=tutorial.wired
[Tue Jan 16 09:53:48.084923 2024] [:error] [pid 5752:tid 2076] [client ::1:61641] PHP Warning:  mysql_numrows() expects parameter 1 to be resource, null given in C:\\xampp\\htdocs\\sit_Quiz\\qry_DbConn.php on line 75, referer: http://localhost/index.php?fuseaction=tutorial.wired
[Tue Jan 16 09:54:00.697418 2024] [:error] [pid 5752:tid 2076] [client ::1:61641] PHP Warning:  mysql_errno() expects parameter 1 to be resource, boolean given in C:\\xampp\\htdocs\\sit_Quiz\\qry_DbConn.php on line 22, referer: http://localhost/index.php?fuseaction=quiz.wired
[Tue Jan 16 09:54:00.697418 2024] [:error] [pid 5752:tid 2076] [client ::1:61641] PHP Warning:  mysql_error() expects parameter 1 to be resource, boolean given in C:\\xampp\\htdocs\\sit_Quiz\\qry_DbConn.php on line 22, referer: http://localhost/index.php?fuseaction=quiz.wired
[Tue Jan 16 09:54:00.698388 2024] [:error] [pid 5752:tid 2076] [client ::1:61641] PHP Warning:  mysql_errno() expects parameter 1 to be resource, boolean given in C:\\xampp\\htdocs\\sit_Quiz\\qry_DbConn.php on line 27, referer: http://localhost/index.php?fuseaction=quiz.wired
[Tue Jan 16 09:54:00.698388 2024] [:error] [pid 5752:tid 2076] [client ::1:61641] PHP Warning:  mysql_error() expects parameter 1 to be resource, boolean given in C:\\xampp\\htdocs\\sit_Quiz\\qry_DbConn.php on line 27, referer: http://localhost/index.php?fuseaction=quiz.wired
[Tue Jan 16 09:54:00.698388 2024] [:error] [pid 5752:tid 2076] [client ::1:61641] PHP Warning:  mysql_error() expects parameter 1 to be resource, boolean given in C:\\xampp\\htdocs\\sit_Quiz\\qry_DbConn.php on line 39, referer: http://localhost/index.php?fuseaction=quiz.wired
[Tue Jan 16 09:54:00.698388 2024] [:error] [pid 5752:tid 2076] [client ::1:61641] PHP Warning:  mysql_result() expects parameter 1 to be resource, null given in C:\\xampp\\htdocs\\sit_Quiz\\qry_DbConn.php on line 58, referer: http://localhost/index.php?fuseaction=quiz.wired
[Tue Jan 16 09:54:00.711119 2024] [:error] [pid 5752:tid 2076] [client ::1:61641] PHP Warning:  mysql_errno() expects parameter 1 to be resource, boolean given in C:\\xampp\\htdocs\\sit_Quiz\\qry_DbConn.php on line 22, referer: http://localhost/index.php?fuseaction=quiz.wired
[Tue Jan 16 09:54:00.711119 2024] [:error] [pid 5752:tid 2076] [client ::1:61641] PHP Warning:  mysql_error() expects parameter 1 to be resource, boolean given in C:\\xampp\\htdocs\\sit_Quiz\\qry_DbConn.php on line 22, referer: http://localhost/index.php?fuseaction=quiz.wired
[Tue Jan 16 09:54:00.711119 2024] [:error] [pid 5752:tid 2076] [client ::1:61641] PHP Warning:  mysql_errno() expects parameter 1 to be resource, boolean given in C:\\xampp\\htdocs\\sit_Quiz\\qry_DbConn.php on line 27, referer: http://localhost/index.php?fuseaction=quiz.wired
[Tue Jan 16 09:54:00.711119 2024] [:error] [pid 5752:tid 2076] [client ::1:61641] PHP Warning:  mysql_error() expects parameter 1 to be resource, boolean given in C:\\xampp\\htdocs\\sit_Quiz\\qry_DbConn.php on line 27, referer: http://localhost/index.php?fuseaction=quiz.wired
[Tue Jan 16 09:54:00.711119 2024] [:error] [pid 5752:tid 2076] [client ::1:61641] PHP Warning:  mysql_error() expects parameter 1 to be resource, boolean given in C:\\xampp\\htdocs\\sit_Quiz\\qry_DbConn.php on line 39, referer: http://localhost/index.php?fuseaction=quiz.wired
[Tue Jan 16 09:54:00.711119 2024] [:error] [pid 5752:tid 2076] [client ::1:61641] PHP Warning:  mysql_numrows() expects parameter 1 to be resource, null given in C:\\xampp\\htdocs\\sit_Quiz\\qry_DbConn.php on line 75, referer: http://localhost/index.php?fuseaction=quiz.wired
[Tue Jan 16 09:54:05.707001 2024] [:error] [pid 5752:tid 2076] [client ::1:61641] PHP Warning:  mysql_errno() expects parameter 1 to be resource, boolean given in C:\\xampp\\htdocs\\sit_Quiz\\qry_DbConn.php on line 22, referer: http://localhost/index.php?fuseaction=quiz.wireless
[Tue Jan 16 09:54:05.707001 2024] [:error] [pid 5752:tid 2076] [client ::1:61641] PHP Warning:  mysql_error() expects parameter 1 to be resource, boolean given in C:\\xampp\\htdocs\\sit_Quiz\\qry_DbConn.php on line 22, referer: http://localhost/index.php?fuseaction=quiz.wireless
[Tue Jan 16 09:54:05.708001 2024] [:error] [pid 5752:tid 2076] [client ::1:61641] PHP Warning:  mysql_errno() expects parameter 1 to be resource, boolean given in C:\\xampp\\htdocs\\sit_Quiz\\qry_DbConn.php on line 27, referer: http://localhost/index.php?fuseaction=quiz.wireless
[Tue Jan 16 09:54:05.708001 2024] [:error] [pid 5752:tid 2076] [client ::1:61641] PHP Warning:  mysql_error() expects parameter 1 to be resource, boolean given in C:\\xampp\\htdocs\\sit_Quiz\\qry_DbConn.php on line 27, referer: http://localhost/index.php?fuseaction=quiz.wireless
[Tue Jan 16 09:54:05.708001 2024] [:error] [pid 5752:tid 2076] [client ::1:61641] PHP Warning:  mysql_error() expects parameter 1 to be resource, boolean given in C:\\xampp\\htdocs\\sit_Quiz\\qry_DbConn.php on line 39, referer: http://localhost/index.php?fuseaction=quiz.wireless
[Tue Jan 16 09:54:05.708001 2024] [:error] [pid 5752:tid 2076] [client ::1:61641] PHP Warning:  mysql_result() expects parameter 1 to be resource, null given in C:\\xampp\\htdocs\\sit_Quiz\\qry_DbConn.php on line 58, referer: http://localhost/index.php?fuseaction=quiz.wireless
[Tue Jan 16 09:54:05.719793 2024] [:error] [pid 5752:tid 2076] [client ::1:61641] PHP Warning:  mysql_errno() expects parameter 1 to be resource, boolean given in C:\\xampp\\htdocs\\sit_Quiz\\qry_DbConn.php on line 22, referer: http://localhost/index.php?fuseaction=quiz.wireless
[Tue Jan 16 09:54:05.719793 2024] [:error] [pid 5752:tid 2076] [client ::1:61641] PHP Warning:  mysql_error() expects parameter 1 to be resource, boolean given in C:\\xampp\\htdocs\\sit_Quiz\\qry_DbConn.php on line 22, referer: http://localhost/index.php?fuseaction=quiz.wireless
[Tue Jan 16 09:54:05.719793 2024] [:error] [pid 5752:tid 2076] [client ::1:61641] PHP Warning:  mysql_errno() expects parameter 1 to be resource, boolean given in C:\\xampp\\htdocs\\sit_Quiz\\qry_DbConn.php on line 27, referer: http://localhost/index.php?fuseaction=quiz.wireless
[Tue Jan 16 09:54:05.719793 2024] [:error] [pid 5752:tid 2076] [client ::1:61641] PHP Warning:  mysql_error() expects parameter 1 to be resource, boolean given in C:\\xampp\\htdocs\\sit_Quiz\\qry_DbConn.php on line 27, referer: http://localhost/index.php?fuseaction=quiz.wireless
[Tue Jan 16 09:54:05.720826 2024] [:error] [pid 5752:tid 2076] [client ::1:61641] PHP Warning:  mysql_error() expects parameter 1 to be resource, boolean given in C:\\xampp\\htdocs\\sit_Quiz\\qry_DbConn.php on line 39, referer: http://localhost/index.php?fuseaction=quiz.wireless
[Tue Jan 16 09:54:05.720826 2024] [:error] [pid 5752:tid 2076] [client ::1:61641] PHP Warning:  mysql_numrows() expects parameter 1 to be resource, null given in C:\\xampp\\htdocs\\sit_Quiz\\qry_DbConn.php on line 75, referer: http://localhost/index.php?fuseaction=quiz.wireless
[Tue Jan 16 09:54:11.560992 2024] [:error] [pid 5752:tid 2076] [client ::1:61641] PHP Notice:  Undefined index: wirelessAdHocModel in C:\\xampp\\htdocs\\sit_Modeller\\dsp_Wireless.php on line 32, referer: http://localhost/index.php?fuseaction=modelling.wireless
[Tue Jan 16 09:54:16.258784 2024] [:error] [pid 5752:tid 2076] [client ::1:61641] PHP Warning:  mysql_errno() expects parameter 1 to be resource, boolean given in C:\\xampp\\htdocs\\sit_Quiz\\qry_DbConn.php on line 22, referer: http://localhost/index.php?fuseaction=reference.wireless
[Tue Jan 16 09:54:16.258784 2024] [:error] [pid 5752:tid 2076] [client ::1:61641] PHP Warning:  mysql_error() expects parameter 1 to be resource, boolean given in C:\\xampp\\htdocs\\sit_Quiz\\qry_DbConn.php on line 22, referer: http://localhost/index.php?fuseaction=reference.wireless
[Tue Jan 16 09:54:16.259754 2024] [:error] [pid 5752:tid 2076] [client ::1:61641] PHP Warning:  mysql_errno() expects parameter 1 to be resource, boolean given in C:\\xampp\\htdocs\\sit_Quiz\\qry_DbConn.php on line 27, referer: http://localhost/index.php?fuseaction=reference.wireless
[Tue Jan 16 09:54:16.259754 2024] [:error] [pid 5752:tid 2076] [client ::1:61641] PHP Warning:  mysql_error() expects parameter 1 to be resource, boolean given in C:\\xampp\\htdocs\\sit_Quiz\\qry_DbConn.php on line 27, referer: http://localhost/index.php?fuseaction=reference.wireless
[Tue Jan 16 09:54:16.259754 2024] [:error] [pid 5752:tid 2076] [client ::1:61641] PHP Warning:  mysql_error() expects parameter 1 to be resource, boolean given in C:\\xampp\\htdocs\\sit_Quiz\\qry_DbConn.php on line 39, referer: http://localhost/index.php?fuseaction=reference.wireless
[Tue Jan 16 09:54:16.259754 2024] [:error] [pid 5752:tid 2076] [client ::1:61641] PHP Warning:  mysql_result() expects parameter 1 to be resource, null given in C:\\xampp\\htdocs\\sit_Quiz\\qry_DbConn.php on line 58, referer: http://localhost/index.php?fuseaction=reference.wireless
[Tue Jan 16 09:54:16.271228 2024] [:error] [pid 5752:tid 2076] [client ::1:61641] PHP Warning:  mysql_errno() expects parameter 1 to be resource, boolean given in C:\\xampp\\htdocs\\sit_Quiz\\qry_DbConn.php on line 22, referer: http://localhost/index.php?fuseaction=reference.wireless
[Tue Jan 16 09:54:16.271228 2024] [:error] [pid 5752:tid 2076] [client ::1:61641] PHP Warning:  mysql_error() expects parameter 1 to be resource, boolean given in C:\\xampp\\htdocs\\sit_Quiz\\qry_DbConn.php on line 22, referer: http://localhost/index.php?fuseaction=reference.wireless
[Tue Jan 16 09:54:16.271228 2024] [:error] [pid 5752:tid 2076] [client ::1:61641] PHP Warning:  mysql_errno() expects parameter 1 to be resource, boolean given in C:\\xampp\\htdocs\\sit_Quiz\\qry_DbConn.php on line 27, referer: http://localhost/index.php?fuseaction=reference.wireless
[Tue Jan 16 09:54:16.272235 2024] [:error] [pid 5752:tid 2076] [client ::1:61641] PHP Warning:  mysql_error() expects parameter 1 to be resource, boolean given in C:\\xampp\\htdocs\\sit_Quiz\\qry_DbConn.php on line 27, referer: http://localhost/index.php?fuseaction=reference.wireless
[Tue Jan 16 09:54:16.272235 2024] [:error] [pid 5752:tid 2076] [client ::1:61641] PHP Warning:  mysql_error() expects parameter 1 to be resource, boolean given in C:\\xampp\\htdocs\\sit_Quiz\\qry_DbConn.php on line 39, referer: http://localhost/index.php?fuseaction=reference.wireless
[Tue Jan 16 09:54:16.272235 2024] [:error] [pid 5752:tid 2076] [client ::1:61641] PHP Warning:  mysql_numrows() expects parameter 1 to be resource, null given in C:\\xampp\\htdocs\\sit_Quiz\\qry_DbConn.php on line 75, referer: http://localhost/index.php?fuseaction=reference.wireless
[Tue Jan 16 11:30:46.189092 2024] [:error] [pid 5752:tid 2072] [client ::1:61690] PHP Notice:  Undefined index: bluetooth in C:\\xampp\\htdocs\\lay_Default.php on line 136, referer: http://localhost/index.php?fuseaction=quiz.wired
[Tue Jan 16 11:30:52.145875 2024] [:error] [pid 5752:tid 2072] [client ::1:61690] PHP Notice:  Undefined index: bluetooth in C:\\xampp\\htdocs\\lay_Default.php on line 136, referer: http://localhost/index.php?fuseaction=quiz.wired
[Tue Jan 16 11:32:14.110878 2024] [:error] [pid 5752:tid 2068] [client ::1:61720] PHP Warning:  mysql_errno() expects parameter 1 to be resource, boolean given in C:\\xampp\\htdocs\\sit_Quiz\\qry_DbConn.php on line 22, referer: http://localhost/index.php?fuseaction=quiz.wired
[Tue Jan 16 11:32:14.111851 2024] [:error] [pid 5752:tid 2068] [client ::1:61720] PHP Warning:  mysql_error() expects parameter 1 to be resource, boolean given in C:\\xampp\\htdocs\\sit_Quiz\\qry_DbConn.php on line 22, referer: http://localhost/index.php?fuseaction=quiz.wired
[Tue Jan 16 11:32:14.111851 2024] [:error] [pid 5752:tid 2068] [client ::1:61720] PHP Warning:  mysql_errno() expects parameter 1 to be resource, boolean given in C:\\xampp\\htdocs\\sit_Quiz\\qry_DbConn.php on line 27, referer: http://localhost/index.php?fuseaction=quiz.wired
[Tue Jan 16 11:32:14.111851 2024] [:error] [pid 5752:tid 2068] [client ::1:61720] PHP Warning:  mysql_error() expects parameter 1 to be resource, boolean given in C:\\xampp\\htdocs\\sit_Quiz\\qry_DbConn.php on line 27, referer: http://localhost/index.php?fuseaction=quiz.wired
[Tue Jan 16 11:32:14.111851 2024] [:error] [pid 5752:tid 2068] [client ::1:61720] PHP Warning:  mysql_error() expects parameter 1 to be resource, boolean given in C:\\xampp\\htdocs\\sit_Quiz\\qry_DbConn.php on line 39, referer: http://localhost/index.php?fuseaction=quiz.wired
[Tue Jan 16 11:32:14.111851 2024] [:error] [pid 5752:tid 2068] [client ::1:61720] PHP Warning:  mysql_result() expects parameter 1 to be resource, null given in C:\\xampp\\htdocs\\sit_Quiz\\qry_DbConn.php on line 58, referer: http://localhost/index.php?fuseaction=quiz.wired
[Tue Jan 16 11:32:14.123593 2024] [:error] [pid 5752:tid 2068] [client ::1:61720] PHP Warning:  mysql_errno() expects parameter 1 to be resource, boolean given in C:\\xampp\\htdocs\\sit_Quiz\\qry_DbConn.php on line 22, referer: http://localhost/index.php?fuseaction=quiz.wired
[Tue Jan 16 11:32:14.123593 2024] [:error] [pid 5752:tid 2068] [client ::1:61720] PHP Warning:  mysql_error() expects parameter 1 to be resource, boolean given in C:\\xampp\\htdocs\\sit_Quiz\\qry_DbConn.php on line 22, referer: http://localhost/index.php?fuseaction=quiz.wired
[Tue Jan 16 11:32:14.124596 2024] [:error] [pid 5752:tid 2068] [client ::1:61720] PHP Warning:  mysql_errno() expects parameter 1 to be resource, boolean given in C:\\xampp\\htdocs\\sit_Quiz\\qry_DbConn.php on line 27, referer: http://localhost/index.php?fuseaction=quiz.wired
[Tue Jan 16 11:32:14.124596 2024] [:error] [pid 5752:tid 2068] [client ::1:61720] PHP Warning:  mysql_error() expects parameter 1 to be resource, boolean given in C:\\xampp\\htdocs\\sit_Quiz\\qry_DbConn.php on line 27, referer: http://localhost/index.php?fuseaction=quiz.wired
[Tue Jan 16 11:32:14.124596 2024] [:error] [pid 5752:tid 2068] [client ::1:61720] PHP Warning:  mysql_error() expects parameter 1 to be resource, boolean given in C:\\xampp\\htdocs\\sit_Quiz\\qry_DbConn.php on line 39, referer: http://localhost/index.php?fuseaction=quiz.wired
[Tue Jan 16 11:32:14.124596 2024] [:error] [pid 5752:tid 2068] [client ::1:61720] PHP Warning:  mysql_numrows() expects parameter 1 to be resource, null given in C:\\xampp\\htdocs\\sit_Quiz\\qry_DbConn.php on line 75, referer: http://localhost/index.php?fuseaction=quiz.wired
[Tue Jan 16 11:34:29.275022 2024] [ssl:warn] [pid 7832:tid 216] AH01909: www.example.com:443:0 server certificate does NOT include an ID which matches the server name
[Tue Jan 16 11:34:29.321902 2024] [core:warn] [pid 7832:tid 216] AH00098: pid file C:/xampp/apache/logs/httpd.pid overwritten -- Unclean shutdown of previous Apache run?
[Tue Jan 16 11:34:29.415658 2024] [ssl:warn] [pid 7832:tid 216] AH01909: www.example.com:443:0 server certificate does NOT include an ID which matches the server name
[Tue Jan 16 11:34:29.446954 2024] [mpm_winnt:notice] [pid 7832:tid 216] AH00455: Apache/2.4.29 (Win32) OpenSSL/1.0.2l PHP/5.6.32 configured -- resuming normal operations
[Tue Jan 16 11:34:29.446954 2024] [mpm_winnt:notice] [pid 7832:tid 216] AH00456: Apache Lounge VC11 Server built: Oct 23 2017 12:17:08
[Tue Jan 16 11:34:29.446954 2024] [core:notice] [pid 7832:tid 216] AH00094: Command line: 'c:\\xampp\\apache\\bin\\httpd.exe -d C:/xampp/apache'
[Tue Jan 16 11:34:29.462543 2024] [mpm_winnt:notice] [pid 7832:tid 216] AH00418: Parent: Created child process 3092
[Tue Jan 16 11:34:30.009418 2024] [ssl:warn] [pid 3092:tid 632] AH01909: www.example.com:443:0 server certificate does NOT include an ID which matches the server name
[Tue Jan 16 11:34:30.118793 2024] [ssl:warn] [pid 3092:tid 632] AH01909: www.example.com:443:0 server certificate does NOT include an ID which matches the server name
[Tue Jan 16 11:34:30.165672 2024] [mpm_winnt:notice] [pid 3092:tid 632] AH00354: Child: Starting 150 worker threads.
[Tue Jan 16 11:34:50.377116 2024] [:error] [pid 3092:tid 2120] [client ::1:61746] PHP Notice:  Undefined index: bluetooth in C:\\xampp\\htdocs\\lay_Default.php on line 136, referer: http://localhost/index.php?fuseaction=home.login
[Tue Jan 16 11:34:55.560523 2024] [:error] [pid 3092:tid 2120] [client ::1:61746] PHP Notice:  Undefined index: bluetooth in C:\\xampp\\htdocs\\lay_Default.php on line 136, referer: http://localhost/index.php?fuseaction=quiz.wireless
[Tue Jan 16 11:34:58.736736 2024] [:error] [pid 3092:tid 2120] [client ::1:61746] PHP Notice:  Undefined index: bluetooth in C:\\xampp\\htdocs\\lay_Default.php on line 136, referer: http://localhost/index.php?fuseaction=tutorial.wireless
[Tue Jan 16 11:35:49.472831 2024] [:error] [pid 3092:tid 2120] [client ::1:61766] PHP Notice:  Undefined index: bluetooth in C:\\xampp\\htdocs\\lay_Default.php on line 136, referer: http://localhost/index.php?fuseaction=home.main
[Tue Jan 16 11:36:07.314161 2024] [:error] [pid 3092:tid 2120] [client ::1:61768] PHP Notice:  Undefined index: wiredBusModel in C:\\xampp\\htdocs\\sit_Modeller\\dsp_Wired.php on line 23, referer: http://localhost/index.php?fuseaction=modelling.wired
[Tue Jan 16 11:36:08.025105 2024] [:error] [pid 3092:tid 2120] [client ::1:61768] PHP Notice:  Undefined index: wiredBusModel in C:\\xampp\\htdocs\\sit_Modeller\\dsp_Wired.php on line 23, referer: http://localhost/index.php?fuseaction=modelling.wired
[Tue Jan 16 11:36:17.177871 2024] [:error] [pid 3092:tid 2072] [client 156.62.91.39:57372] PHP Notice:  Undefined index: bluetooth in C:\\xampp\\htdocs\\lay_Default.php on line 136, referer: http://ecms-weblan.aut.ac.nz/
[Tue Jan 16 11:36:23.381021 2024] [:error] [pid 3092:tid 2068] [client 156.62.91.39:57373] PHP Notice:  Undefined index: bluetooth in C:\\xampp\\htdocs\\lay_Default.php on line 136, referer: http://ecms-weblan.aut.ac.nz/index.php?fuseaction=modelling.wired
[Tue Jan 16 11:37:41.068781 2024] [:error] [pid 3092:tid 2068] [client 156.62.91.39:57403] PHP Notice:  Undefined index: wiredBusModel in C:\\xampp\\htdocs\\sit_Modeller\\dsp_Wired.php on line 23, referer: http://ecms-weblan.aut.ac.nz/index.php?fuseaction=modelling.wired
[Tue Jan 16 11:37:42.053125 2024] [:error] [pid 3092:tid 2068] [client 156.62.91.39:57403] PHP Notice:  Undefined index: wiredBusModel in C:\\xampp\\htdocs\\sit_Modeller\\dsp_Wired.php on line 23, referer: http://ecms-weblan.aut.ac.nz/index.php?fuseaction=modelling.wired
[Tue Jan 16 11:37:42.537617 2024] [:error] [pid 3092:tid 2068] [client 156.62.91.39:57403] PHP Notice:  Undefined index: wiredBusModel in C:\\xampp\\htdocs\\sit_Modeller\\dsp_Wired.php on line 23, referer: http://ecms-weblan.aut.ac.nz/index.php?fuseaction=modelling.wired
[Tue Jan 16 11:37:42.990628 2024] [:error] [pid 3092:tid 2068] [client 156.62.91.39:57403] PHP Notice:  Undefined index: wiredBusModel in C:\\xampp\\htdocs\\sit_Modeller\\dsp_Wired.php on line 23, referer: http://ecms-weblan.aut.ac.nz/index.php?fuseaction=modelling.wired
[Tue Jan 16 11:37:43.287539 2024] [:error] [pid 3092:tid 2068] [client 156.62.91.39:57403] PHP Notice:  Undefined index: wiredBusModel in C:\\xampp\\htdocs\\sit_Modeller\\dsp_Wired.php on line 23, referer: http://ecms-weblan.aut.ac.nz/index.php?fuseaction=modelling.wired
[Tue Jan 16 11:37:43.896881 2024] [:error] [pid 3092:tid 2068] [client 156.62.91.39:57403] PHP Notice:  Undefined index: wiredBusModel in C:\\xampp\\htdocs\\sit_Modeller\\dsp_Wired.php on line 23, referer: http://ecms-weblan.aut.ac.nz/index.php?fuseaction=modelling.wired
[Tue Jan 16 11:38:20.318862 2024] [:error] [pid 3092:tid 2072] [client 156.62.91.39:57445] PHP Notice:  Undefined index: wiredBusModel in C:\\xampp\\htdocs\\sit_Modeller\\dsp_Wired.php on line 23, referer: http://ecms-weblan.aut.ac.nz/index.php?fuseaction=modelling.wired
[Tue Jan 16 11:38:21.631360 2024] [:error] [pid 3092:tid 2072] [client 156.62.91.39:57445] PHP Notice:  Undefined index: wiredBusModel in C:\\xampp\\htdocs\\sit_Modeller\\dsp_Wired.php on line 23, referer: http://ecms-weblan.aut.ac.nz/index.php?fuseaction=modelling.wired
[Tue Jan 16 11:38:22.397012 2024] [:error] [pid 3092:tid 2072] [client 156.62.91.39:57445] PHP Notice:  Undefined index: wiredBusModel in C:\\xampp\\htdocs\\sit_Modeller\\dsp_Wired.php on line 23, referer: http://ecms-weblan.aut.ac.nz/index.php?fuseaction=modelling.wired
[Tue Jan 16 11:38:25.537633 2024] [:error] [pid 3092:tid 2072] [client 156.62.91.39:57445] PHP Notice:  Undefined index: wiredBusModel in C:\\xampp\\htdocs\\sit_Modeller\\dsp_Wired.php on line 23, referer: http://ecms-weblan.aut.ac.nz/index.php?fuseaction=modelling.wired
[Tue Jan 16 11:38:28.272056 2024] [:error] [pid 3092:tid 2072] [client 156.62.91.39:57445] PHP Notice:  Undefined index: wiredBusModel in C:\\xampp\\htdocs\\sit_Modeller\\dsp_Wired.php on line 23, referer: http://ecms-weblan.aut.ac.nz/index.php?fuseaction=modelling.wired
[Tue Jan 16 11:38:28.897034 2024] [:error] [pid 3092:tid 2072] [client 156.62.91.39:57445] PHP Notice:  Undefined index: wiredBusModel in C:\\xampp\\htdocs\\sit_Modeller\\dsp_Wired.php on line 23, referer: http://ecms-weblan.aut.ac.nz/index.php?fuseaction=modelling.wired
[Tue Jan 16 11:38:29.303281 2024] [:error] [pid 3092:tid 2072] [client 156.62.91.39:57445] PHP Notice:  Undefined index: wiredBusModel in C:\\xampp\\htdocs\\sit_Modeller\\dsp_Wired.php on line 23, referer: http://ecms-weblan.aut.ac.nz/index.php?fuseaction=modelling.wired
[Tue Jan 16 11:38:29.615822 2024] [:error] [pid 3092:tid 2072] [client 156.62.91.39:57445] PHP Notice:  Undefined index: wiredBusModel in C:\\xampp\\htdocs\\sit_Modeller\\dsp_Wired.php on line 23, referer: http://ecms-weblan.aut.ac.nz/index.php?fuseaction=modelling.wired
[Tue Jan 16 11:40:31.710482 2024] [:error] [pid 3092:tid 2068] [client 156.62.91.39:57516] PHP Notice:  Undefined index: wiredBusModel in C:\\xampp\\htdocs\\sit_Modeller\\dsp_Wired.php on line 23, referer: http://ecms-weblan.aut.ac.nz/index.php?fuseaction=modelling.wired
[Tue Jan 16 11:40:33.007387 2024] [:error] [pid 3092:tid 2068] [client 156.62.91.39:57516] PHP Notice:  Undefined index: wiredBusModel in C:\\xampp\\htdocs\\sit_Modeller\\dsp_Wired.php on line 23, referer: http://ecms-weblan.aut.ac.nz/index.php?fuseaction=modelling.wired
[Tue Jan 16 11:40:54.428715 2024] [:error] [pid 3092:tid 2072] [client 156.62.91.39:57572] PHP Notice:  Undefined index: bluetooth in C:\\xampp\\htdocs\\lay_Default.php on line 136, referer: http://ecms-weblan.aut.ac.nz/
[Tue Jan 16 11:40:58.600607 2024] [:error] [pid 3092:tid 2072] [client 156.62.91.39:57572] PHP Notice:  Undefined index: wiredBusModel in C:\\xampp\\htdocs\\sit_Modeller\\dsp_Wired.php on line 23, referer: http://ecms-weblan.aut.ac.nz/index.php?fuseaction=modelling.wired
[Tue Jan 16 11:41:00.959989 2024] [:error] [pid 3092:tid 2072] [client 156.62.91.39:57572] PHP Notice:  Undefined index: wiredBusModel in C:\\xampp\\htdocs\\sit_Modeller\\dsp_Wired.php on line 23, referer: http://ecms-weblan.aut.ac.nz/index.php?fuseaction=modelling.wired
[Tue Jan 16 11:41:02.553745 2024] [:error] [pid 3092:tid 2072] [client 156.62.91.39:57572] PHP Notice:  Undefined index: wiredBusModel in C:\\xampp\\htdocs\\sit_Modeller\\dsp_Wired.php on line 23, referer: http://ecms-weblan.aut.ac.nz/index.php?fuseaction=modelling.wired
[Tue Jan 16 11:41:15.835040 2024] [:error] [pid 3092:tid 2068] [client 156.62.91.39:57573] PHP Notice:  Undefined index: wiredBusModel in C:\\xampp\\htdocs\\sit_Modeller\\dsp_Wired.php on line 23, referer: http://ecms-weblan.aut.ac.nz/index.php?fuseaction=modelling.wired
[Tue Jan 16 11:41:16.538167 2024] [:error] [pid 3092:tid 2068] [client 156.62.91.39:57573] PHP Notice:  Undefined index: wiredBusModel in C:\\xampp\\htdocs\\sit_Modeller\\dsp_Wired.php on line 23, referer: http://ecms-weblan.aut.ac.nz/index.php?fuseaction=modelling.wired
[Tue Jan 16 11:44:15.849493 2024] [ssl:warn] [pid 3844:tid 724] AH01909: www.example.com:443:0 server certificate does NOT include an ID which matches the server name
[Tue Jan 16 11:44:15.880775 2024] [core:warn] [pid 3844:tid 724] AH00098: pid file C:/xampp/apache/logs/httpd.pid overwritten -- Unclean shutdown of previous Apache run?
[Tue Jan 16 11:44:15.974491 2024] [ssl:warn] [pid 3844:tid 724] AH01909: www.example.com:443:0 server certificate does NOT include an ID which matches the server name
[Tue Jan 16 11:44:16.052622 2024] [mpm_winnt:notice] [pid 3844:tid 724] AH00455: Apache/2.4.29 (Win32) OpenSSL/1.0.2l PHP/5.6.32 configured -- resuming normal operations
[Tue Jan 16 11:44:16.052622 2024] [mpm_winnt:notice] [pid 3844:tid 724] AH00456: Apache Lounge VC11 Server built: Oct 23 2017 12:17:08
[Tue Jan 16 11:44:16.052622 2024] [core:notice] [pid 3844:tid 724] AH00094: Command line: 'C:\\xampp\\apache\\bin\\httpd.exe -d C:/xampp/apache'
[Tue Jan 16 11:44:16.052622 2024] [mpm_winnt:notice] [pid 3844:tid 724] AH00418: Parent: Created child process 1292
[Tue Jan 16 11:44:16.615118 2024] [ssl:warn] [pid 1292:tid 628] AH01909: www.example.com:443:0 server certificate does NOT include an ID which matches the server name
[Tue Jan 16 11:44:16.740129 2024] [ssl:warn] [pid 1292:tid 628] AH01909: www.example.com:443:0 server certificate does NOT include an ID which matches the server name
[Tue Jan 16 11:44:16.771403 2024] [mpm_winnt:notice] [pid 1292:tid 628] AH00354: Child: Starting 150 worker threads.
[Tue Jan 16 11:49:20.212486 2024] [mpm_winnt:notice] [pid 3844:tid 724] AH00422: Parent: Received shutdown signal -- Shutting down the server.
[Tue Jan 16 11:49:22.243746 2024] [mpm_winnt:notice] [pid 1292:tid 628] AH00364: Child: All worker threads have exited.
[Tue Jan 16 11:49:22.275001 2024] [mpm_winnt:notice] [pid 3844:tid 724] AH00430: Parent: Child process 1292 exited successfully.
[Tue Jan 16 11:49:54.931341 2024] [ssl:warn] [pid 7228:tid 736] AH01909: www.example.com:443:0 server certificate does NOT include an ID which matches the server name
[Tue Jan 16 11:49:55.071998 2024] [ssl:warn] [pid 7228:tid 736] AH01909: www.example.com:443:0 server certificate does NOT include an ID which matches the server name
[Tue Jan 16 11:49:55.118877 2024] [mpm_winnt:notice] [pid 7228:tid 736] AH00455: Apache/2.4.29 (Win32) OpenSSL/1.0.2l PHP/5.6.32 configured -- resuming normal operations
[Tue Jan 16 11:49:55.118877 2024] [mpm_winnt:notice] [pid 7228:tid 736] AH00456: Apache Lounge VC11 Server built: Oct 23 2017 12:17:08
[Tue Jan 16 11:49:55.118877 2024] [core:notice] [pid 7228:tid 736] AH00094: Command line: 'C:\\xampp\\apache\\bin\\httpd.exe -d C:/xampp/apache'
[Tue Jan 16 11:49:55.118877 2024] [mpm_winnt:notice] [pid 7228:tid 736] AH00418: Parent: Created child process 1224
[Tue Jan 16 11:49:55.681350 2024] [ssl:warn] [pid 1224:tid 648] AH01909: www.example.com:443:0 server certificate does NOT include an ID which matches the server name
[Tue Jan 16 11:49:55.806396 2024] [ssl:warn] [pid 1224:tid 648] AH01909: www.example.com:443:0 server certificate does NOT include an ID which matches the server name
[Tue Jan 16 11:49:55.853234 2024] [mpm_winnt:notice] [pid 1224:tid 648] AH00354: Child: Starting 150 worker threads.
[Tue Jan 16 11:50:15.290805 2024] [:error] [pid 1224:tid 2080] [client 156.62.91.39:57801] PHP Notice:  Undefined index: bluetooth in C:\\xampp\\htdocs\\lay_Default.php on line 136, referer: http://ecms-weblan.aut.ac.nz/index.php?fuseaction=home.register
[Tue Jan 16 11:50:41.290900 2024] [mpm_winnt:notice] [pid 7228:tid 736] AH00422: Parent: Received shutdown signal -- Shutting down the server.
[Tue Jan 16 11:51:11.291029 2024] [mpm_winnt:notice] [pid 7228:tid 736] AH00431: Parent: Forcing termination of child process 1224
[Wed Jan 17 10:09:44.033978 2024] [ssl:warn] [pid 3216:tid 724] AH01909: www.example.com:443:0 server certificate does NOT include an ID which matches the server name
[Wed Jan 17 10:09:44.221200 2024] [ssl:warn] [pid 3216:tid 724] AH01909: www.example.com:443:0 server certificate does NOT include an ID which matches the server name
[Wed Jan 17 10:09:45.611831 2024] [mpm_winnt:notice] [pid 3216:tid 724] AH00455: Apache/2.4.29 (Win32) OpenSSL/1.0.2l PHP/5.6.32 configured -- resuming normal operations
[Wed Jan 17 10:09:45.611831 2024] [mpm_winnt:notice] [pid 3216:tid 724] AH00456: Apache Lounge VC11 Server built: Oct 23 2017 12:17:08
[Wed Jan 17 10:09:45.611831 2024] [core:notice] [pid 3216:tid 724] AH00094: Command line: 'C:\\xampp\\apache\\bin\\httpd.exe -d C:/xampp/apache'
[Wed Jan 17 10:09:45.611831 2024] [mpm_winnt:notice] [pid 3216:tid 724] AH00418: Parent: Created child process 5388
[Wed Jan 17 10:09:46.252475 2024] [ssl:warn] [pid 5388:tid 676] AH01909: www.example.com:443:0 server certificate does NOT include an ID which matches the server name
[Wed Jan 17 10:09:46.377473 2024] [ssl:warn] [pid 5388:tid 676] AH01909: www.example.com:443:0 server certificate does NOT include an ID which matches the server name
[Wed Jan 17 10:09:46.471202 2024] [mpm_winnt:notice] [pid 5388:tid 676] AH00354: Child: Starting 150 worker threads.
[Wed Jan 17 10:11:21.543490 2024] [:error] [pid 5388:tid 2076] [client 156.62.91.39:50169] PHP Notice:  Undefined index: bluetooth in C:\\xampp\\htdocs\\lay_Default.php on line 136, referer: http://10.100.10.127/
[Wed Jan 17 10:11:27.777858 2024] [:error] [pid 5388:tid 2060] [client 156.62.91.39:50176] PHP Notice:  Undefined index: bluetooth in C:\\xampp\\htdocs\\lay_Default.php on line 136, referer: http://10.100.10.127/index.php?fuseaction=scenario.wired
[Wed Jan 17 11:46:11.754622 2024] [mpm_winnt:notice] [pid 3216:tid 724] AH00422: Parent: Received shutdown signal -- Shutting down the server.
[Wed Jan 17 11:46:13.785697 2024] [mpm_winnt:notice] [pid 5388:tid 676] AH00364: Child: All worker threads have exited.
[Wed Jan 17 11:46:13.926306 2024] [mpm_winnt:notice] [pid 3216:tid 724] AH00430: Parent: Child process 5388 exited successfully.
[Mon Jan 22 12:55:49.483827 2024] [ssl:warn] [pid 7480:tid 724] AH01909: www.example.com:443:0 server certificate does NOT include an ID which matches the server name
[Mon Jan 22 12:55:49.608790 2024] [ssl:warn] [pid 7480:tid 724] AH01909: www.example.com:443:0 server certificate does NOT include an ID which matches the server name
[Mon Jan 22 12:55:50.436916 2024] [mpm_winnt:notice] [pid 7480:tid 724] AH00455: Apache/2.4.29 (Win32) OpenSSL/1.0.2l PHP/5.6.32 configured -- resuming normal operations
[Mon Jan 22 12:55:50.436916 2024] [mpm_winnt:notice] [pid 7480:tid 724] AH00456: Apache Lounge VC11 Server built: Oct 23 2017 12:17:08
[Mon Jan 22 12:55:50.436916 2024] [core:notice] [pid 7480:tid 724] AH00094: Command line: 'C:\\xampp\\apache\\bin\\httpd.exe -d C:/xampp/apache'
[Mon Jan 22 12:55:50.436916 2024] [mpm_winnt:notice] [pid 7480:tid 724] AH00418: Parent: Created child process 5728
[Mon Jan 22 12:55:51.030668 2024] [ssl:warn] [pid 5728:tid 628] AH01909: www.example.com:443:0 server certificate does NOT include an ID which matches the server name
[Mon Jan 22 12:55:51.155674 2024] [ssl:warn] [pid 5728:tid 628] AH01909: www.example.com:443:0 server certificate does NOT include an ID which matches the server name
[Mon Jan 22 12:55:51.202554 2024] [mpm_winnt:notice] [pid 5728:tid 628] AH00354: Child: Starting 150 worker threads.
[Mon Jan 22 12:56:17.296396 2024] [:error] [pid 5728:tid 2088] [client 156.62.91.39:50289] PHP Notice:  Undefined index: bluetooth in C:\\xampp\\htdocs\\lay_Default.php on line 136, referer: http://10.100.10.127/index.php?fuseaction=quiz.wired
[Mon Jan 22 12:56:59.562222 2024] [mpm_winnt:notice] [pid 7480:tid 724] AH00422: Parent: Received shutdown signal -- Shutting down the server.
[Mon Jan 22 12:57:06.859106 2024] [mpm_winnt:notice] [pid 5728:tid 628] AH00364: Child: All worker threads have exited.
[Mon Jan 22 12:57:06.890354 2024] [mpm_winnt:notice] [pid 7480:tid 724] AH00430: Parent: Child process 5728 exited successfully.
[Tue Feb 13 15:49:19.417244 2024] [ssl:warn] [pid 2300:tid 724] AH01909: www.example.com:443:0 server certificate does NOT include an ID which matches the server name
[Tue Feb 13 15:49:19.557899 2024] [ssl:warn] [pid 2300:tid 724] AH01909: www.example.com:443:0 server certificate does NOT include an ID which matches the server name
[Tue Feb 13 15:49:20.042254 2024] [mpm_winnt:notice] [pid 2300:tid 724] AH00455: Apache/2.4.29 (Win32) OpenSSL/1.0.2l PHP/5.6.32 configured -- resuming normal operations
[Tue Feb 13 15:49:20.042254 2024] [mpm_winnt:notice] [pid 2300:tid 724] AH00456: Apache Lounge VC11 Server built: Oct 23 2017 12:17:08
[Tue Feb 13 15:49:20.042254 2024] [core:notice] [pid 2300:tid 724] AH00094: Command line: 'C:\\xampp\\apache\\bin\\httpd.exe -d C:/xampp/apache'
[Tue Feb 13 15:49:20.057876 2024] [mpm_winnt:notice] [pid 2300:tid 724] AH00418: Parent: Created child process 6376
[Tue Feb 13 15:49:20.620370 2024] [ssl:warn] [pid 6376:tid 228] AH01909: www.example.com:443:0 server certificate does NOT include an ID which matches the server name
[Tue Feb 13 15:49:20.760971 2024] [ssl:warn] [pid 6376:tid 228] AH01909: www.example.com:443:0 server certificate does NOT include an ID which matches the server name
[Tue Feb 13 15:49:20.792227 2024] [mpm_winnt:notice] [pid 6376:tid 228] AH00354: Child: Starting 150 worker threads.
[Tue Feb 13 15:51:05.745739 2024] [mpm_winnt:notice] [pid 2300:tid 724] AH00422: Parent: Received shutdown signal -- Shutting down the server.
[Tue Feb 13 15:51:07.776996 2024] [mpm_winnt:notice] [pid 6376:tid 228] AH00364: Child: All worker threads have exited.
[Tue Feb 13 15:51:07.808363 2024] [mpm_winnt:notice] [pid 2300:tid 724] AH00430: Parent: Child process 6376 exited successfully.
[Tue Feb 27 11:47:21.030193 2024] [ssl:warn] [pid 5548:tid 728] AH01909: www.example.com:443:0 server certificate does NOT include an ID which matches the server name
[Tue Feb 27 11:47:21.155198 2024] [ssl:warn] [pid 5548:tid 728] AH01909: www.example.com:443:0 server certificate does NOT include an ID which matches the server name
[Tue Feb 27 11:47:21.592725 2024] [mpm_winnt:notice] [pid 5548:tid 728] AH00455: Apache/2.4.29 (Win32) OpenSSL/1.0.2l PHP/5.6.32 configured -- resuming normal operations
[Tue Feb 27 11:47:21.592725 2024] [mpm_winnt:notice] [pid 5548:tid 728] AH00456: Apache Lounge VC11 Server built: Oct 23 2017 12:17:08
[Tue Feb 27 11:47:21.592725 2024] [core:notice] [pid 5548:tid 728] AH00094: Command line: 'C:\\xampp\\apache\\bin\\httpd.exe -d C:/xampp/apache'
[Tue Feb 27 11:47:21.592725 2024] [mpm_winnt:notice] [pid 5548:tid 728] AH00418: Parent: Created child process 4564
[Tue Feb 27 11:47:22.170824 2024] [ssl:warn] [pid 4564:tid 628] AH01909: www.example.com:443:0 server certificate does NOT include an ID which matches the server name
[Tue Feb 27 11:47:22.295824 2024] [ssl:warn] [pid 4564:tid 628] AH01909: www.example.com:443:0 server certificate does NOT include an ID which matches the server name
[Tue Feb 27 11:47:22.342702 2024] [mpm_winnt:notice] [pid 4564:tid 628] AH00354: Child: Starting 150 worker threads.
[Tue Feb 27 11:47:35.374045 2024] [:error] [pid 4564:tid 2072] [client 156.62.91.39:55334] PHP Notice:  Undefined index: bluetooth in C:\\xampp\\htdocs\\lay_Default.php on line 136, referer: http://ecms-weblan.aut.ac.nz/
[Tue Feb 27 12:20:20.048232 2024] [:error] [pid 4564:tid 2076] [client 156.62.91.39:56513] PHP Notice:  Undefined index: bluetooth in C:\\xampp\\htdocs\\lay_Default.php on line 136, referer: http://ecms-weblan.aut.ac.nz/index.php?fuseaction=modelling.bluetooth
[Tue Feb 27 15:15:10.031575 2024] [:error] [pid 4564:tid 2068] [client 156.62.1.59:25738] PHP Notice:  Undefined index: wirelessAdHocModel in C:\\xampp\\htdocs\\sit_Modeller\\dsp_Wireless.php on line 32, referer: http://ecms-weblan.aut.ac.nz/index.php?fuseaction=modelling.wireless
[Tue Feb 27 15:15:12.281579 2024] [:error] [pid 4564:tid 2068] [client 156.62.1.59:25740] PHP Notice:  Undefined index: wirelessAdHocModel in C:\\xampp\\htdocs\\sit_Modeller\\dsp_Wireless.php on line 32, referer: http://ecms-weblan.aut.ac.nz/index.php?fuseaction=modelling.wireless
[Wed Feb 28 10:48:28.466635 2024] [:error] [pid 4564:tid 2088] [client 156.62.1.59:26774] PHP Notice:  Undefined index: bluetooth in C:\\xampp\\htdocs\\lay_Default.php on line 136, referer: http://ecms-weblan.aut.ac.nz/index.php?fuseaction=scenario.bluetooth
[Wed Feb 28 10:48:38.341705 2024] [:error] [pid 4564:tid 2088] [client 156.62.1.59:26776] PHP Notice:  Undefined index: dataModel2 in C:\\xampp\\htdocs\\sit_Modeller\\dsp_Data.php on line 11, referer: http://ecms-weblan.aut.ac.nz/index.php?fuseaction=modelling.wired
[Wed Feb 28 10:48:38.341705 2024] [:error] [pid 4564:tid 2088] [client 156.62.1.59:26776] PHP Notice:  Undefined index: dataModel2 in C:\\xampp\\htdocs\\sit_Modeller\\dsp_Data.php on line 48, referer: http://ecms-weblan.aut.ac.nz/index.php?fuseaction=modelling.wired
[Wed Feb 28 11:21:19.599116 2024] [:error] [pid 4564:tid 2072] [client 156.62.1.59:26808] PHP Notice:  Undefined index: wiredBusModel in C:\\xampp\\htdocs\\sit_Modeller\\dsp_Wired.php on line 23, referer: http://ecms-weblan.aut.ac.nz/index.php?fuseaction=modelling.wired
[Wed Feb 28 11:32:24.898443 2024] [:error] [pid 4564:tid 2072] [client 156.62.1.59:26820] PHP Notice:  Undefined index: bluetooth in C:\\xampp\\htdocs\\lay_Default.php on line 136, referer: http://ecms-weblan.aut.ac.nz/index.php?fuseaction=quiz.wireless
[Wed Feb 28 11:33:22.304941 2024] [:error] [pid 4564:tid 2088] [client 156.62.1.59:26844] PHP Notice:  Undefined index: dataModel2 in C:\\xampp\\htdocs\\sit_Modeller\\dsp_Data.php on line 11, referer: http://ecms-weblan.aut.ac.nz/index.php?fuseaction=scenario.data
[Wed Feb 28 11:33:22.304941 2024] [:error] [pid 4564:tid 2088] [client 156.62.1.59:26844] PHP Notice:  Undefined index: dataModel2 in C:\\xampp\\htdocs\\sit_Modeller\\dsp_Data.php on line 48, referer: http://ecms-weblan.aut.ac.nz/index.php?fuseaction=scenario.data
[Fri Mar 01 10:06:15.282360 2024] [:error] [pid 4564:tid 2068] [client 156.62.91.39:56039] PHP Notice:  Undefined index: bluetooth in C:\\xampp\\htdocs\\lay_Default.php on line 136, referer: http://ecms-weblan.aut.ac.nz/index.php?fuseaction=home.wired
[Fri Mar 01 10:15:39.613212 2024] [:error] [pid 4564:tid 2068] [client 156.62.91.39:55346] PHP Notice:  Undefined index: bluetooth in C:\\xampp\\htdocs\\lay_Default.php on line 136, referer: http://ecms-weblan.aut.ac.nz/index.php?fuseaction=quiz.bluetooth
[Fri Mar 01 11:28:21.900046 2024] [mpm_winnt:notice] [pid 5548:tid 728] AH00422: Parent: Received shutdown signal -- Shutting down the server.
[Fri Mar 01 11:28:23.931153 2024] [mpm_winnt:notice] [pid 4564:tid 628] AH00364: Child: All worker threads have exited.
[Fri Mar 01 11:28:23.962407 2024] [mpm_winnt:notice] [pid 5548:tid 728] AH00430: Parent: Child process 4564 exited successfully.
[Fri Mar 01 11:28:59.635748 2024] [ssl:warn] [pid 3076:tid 764] AH01909: www.example.com:443:0 server certificate does NOT include an ID which matches the server name
[Fri Mar 01 11:28:59.885571 2024] [ssl:warn] [pid 3076:tid 764] AH01909: www.example.com:443:0 server certificate does NOT include an ID which matches the server name
[Fri Mar 01 11:29:01.307432 2024] [mpm_winnt:notice] [pid 3076:tid 764] AH00455: Apache/2.4.29 (Win32) OpenSSL/1.0.2l PHP/5.6.32 configured -- resuming normal operations
[Fri Mar 01 11:29:01.307432 2024] [mpm_winnt:notice] [pid 3076:tid 764] AH00456: Apache Lounge VC11 Server built: Oct 23 2017 12:17:08
[Fri Mar 01 11:29:01.307432 2024] [core:notice] [pid 3076:tid 764] AH00094: Command line: 'C:\\xampp\\apache\\bin\\httpd.exe -d C:/xampp/apache'
[Fri Mar 01 11:29:01.307432 2024] [mpm_winnt:notice] [pid 3076:tid 764] AH00418: Parent: Created child process 5116
[Fri Mar 01 11:29:01.948070 2024] [ssl:warn] [pid 5116:tid 680] AH01909: www.example.com:443:0 server certificate does NOT include an ID which matches the server name
[Fri Mar 01 11:29:02.057421 2024] [ssl:warn] [pid 5116:tid 680] AH01909: www.example.com:443:0 server certificate does NOT include an ID which matches the server name
[Fri Mar 01 11:29:02.135572 2024] [mpm_winnt:notice] [pid 5116:tid 680] AH00354: Child: Starting 150 worker threads.
[Mon Mar 04 15:26:50.158964 2024] [:error] [pid 5116:tid 2060] [client 156.62.91.39:64582] PHP Notice:  Undefined index: bluetooth in C:\\xampp\\htdocs\\lay_Default.php on line 136, referer: http://ecms-weblan.aut.ac.nz/
[Wed Mar 06 15:12:01.474811 2024] [:error] [pid 5116:tid 2068] [client 156.62.138.77:50668] PHP Notice:  Undefined index: bluetooth in C:\\xampp\\htdocs\\lay_Default.php on line 136, referer: http://ecms-weblan.aut.ac.nz/index.php?fuseaction=home.wired
[Wed Mar 06 15:12:09.630965 2024] [:error] [pid 5116:tid 2072] [client 156.62.138.77:50701] PHP Notice:  Undefined index: bluetooth in C:\\xampp\\htdocs\\lay_Default.php on line 136, referer: http://ecms-weblan.aut.ac.nz/index.php?fuseaction=review.wired
[Wed Mar 06 15:12:11.880936 2024] [:error] [pid 5116:tid 2072] [client 156.62.138.77:50701] PHP Notice:  Undefined index: bluetooth in C:\\xampp\\htdocs\\lay_Default.php on line 136, referer: http://ecms-weblan.aut.ac.nz/index.php?fuseaction=quiz.wireless
[Wed Mar 06 15:13:23.474011 2024] [:error] [pid 5116:tid 2068] [client 156.62.138.77:50748] PHP Notice:  Undefined index: bluetooth in C:\\xampp\\htdocs\\lay_Default.php on line 136, referer: http://ecms-weblan.aut.ac.nz/index.php?fuseaction=home.main
[Wed Mar 06 15:13:31.067721 2024] [:error] [pid 5116:tid 2028] [client 156.62.138.77:50757] PHP Notice:  Undefined index: bluetooth in C:\\xampp\\htdocs\\lay_Default.php on line 136, referer: http://ecms-weblan.aut.ac.nz/index.php?fuseaction=home.bluetooth
[Wed Mar 06 15:15:38.488936 2024] [:error] [pid 5116:tid 2060] [client 156.62.138.77:50804] PHP Notice:  Undefined index: bluetooth in C:\\xampp\\htdocs\\lay_Default.php on line 136, referer: http://ecms-weblan.aut.ac.nz/index.php?fuseaction=home.main
[Wed Mar 06 15:15:49.535776 2024] [:error] [pid 5116:tid 2060] [client 156.62.138.77:50804] PHP Notice:  Undefined index: bluetooth in C:\\xampp\\htdocs\\lay_Default.php on line 136, referer: http://ecms-weblan.aut.ac.nz/index.php?fuseaction=quiz.tcpip
[Wed Mar 06 15:20:04.848147 2024] [:error] [pid 5116:tid 2028] [client 156.62.138.77:50933] PHP Notice:  Undefined index: bluetooth in C:\\xampp\\htdocs\\lay_Default.php on line 136, referer: http://ecms-weblan.aut.ac.nz/index.php?fuseaction=scenario.bluetooth
[Wed Mar 06 15:20:05.207512 2024] [:error] [pid 5116:tid 2028] [client 156.62.138.77:50933] PHP Notice:  Undefined index: bluetooth in C:\\xampp\\htdocs\\lay_Default.php on line 136, referer: http://ecms-weblan.aut.ac.nz/index.php?fuseaction=tutorial.bluetooth
[Wed Mar 06 15:20:14.879415 2024] [:error] [pid 5116:tid 2028] [client 156.62.138.77:50933] PHP Notice:  Undefined index: bluetooth in C:\\xampp\\htdocs\\lay_Default.php on line 136, referer: http://ecms-weblan.aut.ac.nz/index.php?fuseaction=quiz.bluetooth
[Wed Mar 06 16:22:10.674804 2024] [:error] [pid 5116:tid 2044] [client 156.62.1.59:34630] PHP Notice:  Undefined index: wiredBusModel in C:\\xampp\\htdocs\\sit_Modeller\\dsp_Wired.php on line 23, referer: http://ecms-weblan.aut.ac.nz/index.php?fuseaction=modelling.wired
[Wed Mar 06 16:22:24.143708 2024] [:error] [pid 5116:tid 2044] [client 156.62.1.59:34632] PHP Notice:  Undefined index: wiredBusModel in C:\\xampp\\htdocs\\sit_Modeller\\dsp_Wired.php on line 23, referer: http://ecms-weblan.aut.ac.nz/index.php?fuseaction=modelling.wired
[Wed Mar 06 16:22:40.331329 2024] [:error] [pid 5116:tid 2044] [client 156.62.1.59:34634] PHP Notice:  Undefined index: wiredBusModel in C:\\xampp\\htdocs\\sit_Modeller\\dsp_Wired.php on line 23, referer: http://ecms-weblan.aut.ac.nz/index.php?fuseaction=modelling.wired
[Wed Mar 06 16:29:10.896710 2024] [:error] [pid 5116:tid 2060] [client 156.62.1.59:34676] PHP Notice:  Undefined index: wirelessAdHocModel in C:\\xampp\\htdocs\\sit_Modeller\\dsp_Wireless.php on line 32, referer: http://ecms-weblan.aut.ac.nz/index.php?fuseaction=modelling.wireless
[Wed Mar 06 16:29:11.677951 2024] [:error] [pid 5116:tid 2060] [client 156.62.1.59:34680] PHP Notice:  Undefined index: wirelessAdHocModel in C:\\xampp\\htdocs\\sit_Modeller\\dsp_Wireless.php on line 32, referer: http://ecms-weblan.aut.ac.nz/index.php?fuseaction=modelling.wireless
[Sun Mar 10 15:25:28.439872 2024] [:error] [pid 5116:tid 2040] [client 156.62.1.59:37116] PHP Notice:  Undefined index: bluetooth in C:\\xampp\\htdocs\\lay_Default.php on line 136, referer: http://ecms-weblan.aut.ac.nz/index.php?fuseaction=scenario.wired
[Sun Mar 10 15:25:32.486750 2024] [:error] [pid 5116:tid 2040] [client 156.62.1.59:37116] PHP Notice:  Undefined index: bluetooth in C:\\xampp\\htdocs\\lay_Default.php on line 136, referer: http://ecms-weblan.aut.ac.nz/index.php?fuseaction=tutorial.wireless
[Sun Mar 10 15:25:40.346138 2024] [:error] [pid 5116:tid 2040] [client 156.62.1.59:37120] PHP Notice:  Undefined index: wiredBusModel in C:\\xampp\\htdocs\\sit_Modeller\\dsp_Wired.php on line 23, referer: http://ecms-weblan.aut.ac.nz/index.php?fuseaction=modelling.wired
[Sun Mar 10 15:25:41.158896 2024] [:error] [pid 5116:tid 2040] [client 156.62.1.59:37122] PHP Notice:  Undefined index: wiredBusModel in C:\\xampp\\htdocs\\sit_Modeller\\dsp_Wired.php on line 23, referer: http://ecms-weblan.aut.ac.nz/index.php?fuseaction=modelling.wired
[Sun Mar 10 15:28:27.487189 2024] [:error] [pid 5116:tid 2040] [client 156.62.1.59:37126] PHP Notice:  Undefined index: wiredBusModel in C:\\xampp\\htdocs\\sit_Modeller\\dsp_Wired.php on line 23, referer: http://ecms-weblan.aut.ac.nz/index.php?fuseaction=modelling.wired
[Sun Mar 10 15:28:32.627836 2024] [:error] [pid 5116:tid 2040] [client 156.62.1.59:37126] PHP Notice:  Undefined index: dataModel2 in C:\\xampp\\htdocs\\sit_Modeller\\dsp_Data.php on line 11, referer: http://ecms-weblan.aut.ac.nz/index.php?fuseaction=modelling.wired
[Sun Mar 10 15:28:32.627836 2024] [:error] [pid 5116:tid 2040] [client 156.62.1.59:37126] PHP Notice:  Undefined index: dataModel2 in C:\\xampp\\htdocs\\sit_Modeller\\dsp_Data.php on line 48, referer: http://ecms-weblan.aut.ac.nz/index.php?fuseaction=modelling.wired
[Sun Mar 10 15:29:34.393656 2024] [:error] [pid 5116:tid 2040] [client 156.62.1.59:37150] PHP Notice:  Undefined index: dataModel2 in C:\\xampp\\htdocs\\sit_Modeller\\dsp_Data.php on line 11, referer: http://ecms-weblan.aut.ac.nz/index.php?fuseaction=modelling.bluetooth
[Sun Mar 10 15:29:34.393656 2024] [:error] [pid 5116:tid 2040] [client 156.62.1.59:37150] PHP Notice:  Undefined index: dataModel2 in C:\\xampp\\htdocs\\sit_Modeller\\dsp_Data.php on line 48, referer: http://ecms-weblan.aut.ac.nz/index.php?fuseaction=modelling.bluetooth
[Sun Mar 10 15:35:30.832388 2024] [:error] [pid 5116:tid 2040] [client 156.62.1.59:37174] PHP Notice:  Undefined index: bluetooth in C:\\xampp\\htdocs\\lay_Default.php on line 136, referer: http://ecms-weblan.aut.ac.nz/index.php?fuseaction=home.wired
[Sun Mar 10 15:35:38.098053 2024] [:error] [pid 5116:tid 2040] [client 156.62.1.59:37178] PHP Notice:  Undefined index: wiredBusModel in C:\\xampp\\htdocs\\sit_Modeller\\dsp_Wired.php on line 23, referer: http://ecms-weblan.aut.ac.nz/index.php?fuseaction=modelling.wired
[Sun Mar 10 15:35:39.910559 2024] [:error] [pid 5116:tid 2040] [client 156.62.1.59:37180] PHP Notice:  Undefined index: wiredBusModel in C:\\xampp\\htdocs\\sit_Modeller\\dsp_Wired.php on line 23, referer: http://ecms-weblan.aut.ac.nz/index.php?fuseaction=modelling.wired
[Sun Mar 10 15:35:40.269925 2024] [:error] [pid 5116:tid 2040] [client 156.62.1.59:37182] PHP Notice:  Undefined index: wiredBusModel in C:\\xampp\\htdocs\\sit_Modeller\\dsp_Wired.php on line 23, referer: http://ecms-weblan.aut.ac.nz/index.php?fuseaction=modelling.wired
[Sun Mar 10 15:35:41.019936 2024] [:error] [pid 5116:tid 2040] [client 156.62.1.59:37186] PHP Notice:  Undefined index: wiredBusModel in C:\\xampp\\htdocs\\sit_Modeller\\dsp_Wired.php on line 23, referer: http://ecms-weblan.aut.ac.nz/index.php?fuseaction=modelling.wired
[Sun Mar 10 15:35:42.473181 2024] [:error] [pid 5116:tid 2040] [client 156.62.1.59:37188] PHP Notice:  Undefined index: wiredBusModel in C:\\xampp\\htdocs\\sit_Modeller\\dsp_Wired.php on line 23, referer: http://ecms-weblan.aut.ac.nz/index.php?fuseaction=modelling.wired
[Sun Mar 10 15:35:44.863706 2024] [:error] [pid 5116:tid 2040] [client 156.62.1.59:37190] PHP Notice:  Undefined index: wiredBusModel in C:\\xampp\\htdocs\\sit_Modeller\\dsp_Wired.php on line 23, referer: http://ecms-weblan.aut.ac.nz/index.php?fuseaction=modelling.wired
[Sun Mar 10 15:35:46.676242 2024] [:error] [pid 5116:tid 2040] [client 156.62.1.59:37192] PHP Notice:  Undefined index: wiredBusModel in C:\\xampp\\htdocs\\sit_Modeller\\dsp_Wired.php on line 23, referer: http://ecms-weblan.aut.ac.nz/index.php?fuseaction=modelling.wired
[Sun Mar 10 15:35:49.676221 2024] [:error] [pid 5116:tid 2040] [client 156.62.1.59:37194] PHP Notice:  Undefined index: wiredStarModel in C:\\xampp\\htdocs\\sit_Modeller\\dsp_Wired.php on line 51, referer: http://ecms-weblan.aut.ac.nz/index.php?fuseaction=modelling.wired
[Sun Mar 10 15:35:53.316859 2024] [:error] [pid 5116:tid 2040] [client 156.62.1.59:37196] PHP Notice:  Undefined index: wiredStarModel in C:\\xampp\\htdocs\\sit_Modeller\\dsp_Wired.php on line 51, referer: http://ecms-weblan.aut.ac.nz/index.php?fuseaction=modelling.wired
[Sun Mar 10 15:35:54.566849 2024] [:error] [pid 5116:tid 2040] [client 156.62.1.59:37198] PHP Notice:  Undefined index: wiredStarModel in C:\\xampp\\htdocs\\sit_Modeller\\dsp_Wired.php on line 51, referer: http://ecms-weblan.aut.ac.nz/index.php?fuseaction=modelling.wired
[Sun Mar 10 15:35:56.051242 2024] [:error] [pid 5116:tid 2040] [client 156.62.1.59:37200] PHP Notice:  Undefined index: wiredStarModel in C:\\xampp\\htdocs\\sit_Modeller\\dsp_Wired.php on line 51, referer: http://ecms-weblan.aut.ac.nz/index.php?fuseaction=modelling.wired
[Sun Mar 10 15:35:57.535623 2024] [:error] [pid 5116:tid 2040] [client 156.62.1.59:37202] PHP Notice:  Undefined index: wiredStarModel in C:\\xampp\\htdocs\\sit_Modeller\\dsp_Wired.php on line 51, referer: http://ecms-weblan.aut.ac.nz/index.php?fuseaction=modelling.wired
[Sun Mar 10 15:35:58.144985 2024] [:error] [pid 5116:tid 2040] [client 156.62.1.59:37204] PHP Notice:  Undefined index: wiredStarModel in C:\\xampp\\htdocs\\sit_Modeller\\dsp_Wired.php on line 51, referer: http://ecms-weblan.aut.ac.nz/index.php?fuseaction=modelling.wired
[Sun Mar 10 15:35:58.770003 2024] [:error] [pid 5116:tid 2040] [client 156.62.1.59:37208] PHP Notice:  Undefined index: wiredStarModel in C:\\xampp\\htdocs\\sit_Modeller\\dsp_Wired.php on line 51, referer: http://ecms-weblan.aut.ac.nz/index.php?fuseaction=modelling.wired
[Sun Mar 10 15:35:59.457538 2024] [:error] [pid 5116:tid 2040] [client 156.62.1.59:37210] PHP Notice:  Undefined index: wiredStarModel in C:\\xampp\\htdocs\\sit_Modeller\\dsp_Wired.php on line 51, referer: http://ecms-weblan.aut.ac.nz/index.php?fuseaction=modelling.wired
[Sun Mar 10 15:36:00.160623 2024] [:error] [pid 5116:tid 2040] [client 156.62.1.59:37212] PHP Notice:  Undefined index: wiredStarModel in C:\\xampp\\htdocs\\sit_Modeller\\dsp_Wired.php on line 51, referer: http://ecms-weblan.aut.ac.nz/index.php?fuseaction=modelling.wired
[Sun Mar 10 15:36:00.910660 2024] [:error] [pid 5116:tid 2040] [client 156.62.1.59:37214] PHP Notice:  Undefined index: wiredStarModel in C:\\xampp\\htdocs\\sit_Modeller\\dsp_Wired.php on line 51, referer: http://ecms-weblan.aut.ac.nz/index.php?fuseaction=modelling.wired
[Sun Mar 10 15:36:01.504374 2024] [:error] [pid 5116:tid 2040] [client 156.62.1.59:37216] PHP Notice:  Undefined index: wiredStarModel in C:\\xampp\\htdocs\\sit_Modeller\\dsp_Wired.php on line 51, referer: http://ecms-weblan.aut.ac.nz/index.php?fuseaction=modelling.wired
[Sun Mar 10 15:36:02.082515 2024] [:error] [pid 5116:tid 2040] [client 156.62.1.59:37220] PHP Notice:  Undefined index: wiredStarModel in C:\\xampp\\htdocs\\sit_Modeller\\dsp_Wired.php on line 51, referer: http://ecms-weblan.aut.ac.nz/index.php?fuseaction=modelling.wired
[Sun Mar 10 15:36:02.660627 2024] [:error] [pid 5116:tid 2040] [client 156.62.1.59:37222] PHP Notice:  Undefined index: wiredStarModel in C:\\xampp\\htdocs\\sit_Modeller\\dsp_Wired.php on line 51, referer: http://ecms-weblan.aut.ac.nz/index.php?fuseaction=modelling.wired
[Sun Mar 10 15:36:03.363776 2024] [:error] [pid 5116:tid 2040] [client 156.62.1.59:37224] PHP Notice:  Undefined index: wiredStarModel in C:\\xampp\\htdocs\\sit_Modeller\\dsp_Wired.php on line 51, referer: http://ecms-weblan.aut.ac.nz/index.php?fuseaction=modelling.wired
[Sun Mar 10 15:36:05.004381 2024] [:error] [pid 5116:tid 2040] [client 156.62.1.59:37226] PHP Notice:  Undefined index: wiredStarModel in C:\\xampp\\htdocs\\sit_Modeller\\dsp_Wired.php on line 51, referer: http://ecms-weblan.aut.ac.nz/index.php?fuseaction=modelling.wired
[Sun Mar 10 15:36:06.301262 2024] [:error] [pid 5116:tid 2040] [client 156.62.1.59:37228] PHP Notice:  Undefined index: wiredStarModel in C:\\xampp\\htdocs\\sit_Modeller\\dsp_Wired.php on line 51, referer: http://ecms-weblan.aut.ac.nz/index.php?fuseaction=modelling.wired
[Sun Mar 10 15:36:06.879434 2024] [:error] [pid 5116:tid 2040] [client 156.62.1.59:37230] PHP Notice:  Undefined index: wiredStarModel in C:\\xampp\\htdocs\\sit_Modeller\\dsp_Wired.php on line 51, referer: http://ecms-weblan.aut.ac.nz/index.php?fuseaction=modelling.wired
[Sun Mar 10 15:38:50.631947 2024] [:error] [pid 5116:tid 2072] [client 156.62.1.59:37240] PHP Notice:  Undefined index: bluetooth in C:\\xampp\\htdocs\\lay_Default.php on line 136, referer: http://ecms-weblan.aut.ac.nz/index.php?fuseaction=quiz.wired
[Sun Mar 10 15:40:01.523629 2024] [:error] [pid 5116:tid 2072] [client 156.62.1.59:37244] PHP Notice:  Undefined index: bluetooth in C:\\xampp\\htdocs\\lay_Default.php on line 136, referer: http://ecms-weblan.aut.ac.nz/index.php?fuseaction=quiz.wired
[Sun Mar 10 15:40:19.398843 2024] [:error] [pid 5116:tid 2072] [client 156.62.1.59:37246] PHP Notice:  Undefined index: bluetooth in C:\\xampp\\htdocs\\lay_Default.php on line 136, referer: http://ecms-weblan.aut.ac.nz/index.php?fuseaction=quiz.wired
[Sun Mar 10 15:40:33.883578 2024] [:error] [pid 5116:tid 2072] [client 156.62.1.59:37248] PHP Notice:  Undefined index: bluetooth in C:\\xampp\\htdocs\\lay_Default.php on line 136, referer: http://ecms-weblan.aut.ac.nz/index.php?fuseaction=review.wired
[Sun Mar 10 15:40:56.883669 2024] [:error] [pid 5116:tid 2072] [client 156.62.1.59:37252] PHP Notice:  Undefined index: bluetooth in C:\\xampp\\htdocs\\lay_Default.php on line 136, referer: http://ecms-weblan.aut.ac.nz/index.php?fuseaction=review.data
[Sun Mar 10 15:41:03.680633 2024] [:error] [pid 5116:tid 2072] [client 156.62.1.59:37254] PHP Notice:  Undefined index: bluetooth in C:\\xampp\\htdocs\\lay_Default.php on line 136, referer: http://ecms-weblan.aut.ac.nz/index.php?fuseaction=home.wired
[Sun Mar 10 15:41:21.321448 2024] [:error] [pid 5116:tid 2072] [client 156.62.1.59:37256] PHP Notice:  Undefined index: bluetooth in C:\\xampp\\htdocs\\lay_Default.php on line 136, referer: http://ecms-weblan.aut.ac.nz/index.php?fuseaction=home.login
[Sun Mar 10 15:41:21.321448 2024] [:error] [pid 5116:tid 2072] [client 156.62.1.59:37256] PHP Notice:  Undefined index: bluetoothTutorial in C:\\xampp\\htdocs\\lay_Default.php on line 140, referer: http://ecms-weblan.aut.ac.nz/index.php?fuseaction=home.login
[Sun Mar 10 15:41:21.321448 2024] [:error] [pid 5116:tid 2072] [client 156.62.1.59:37256] PHP Notice:  Undefined index: bluetoothQuiz in C:\\xampp\\htdocs\\lay_Default.php on line 144, referer: http://ecms-weblan.aut.ac.nz/index.php?fuseaction=home.login
[Sun Mar 10 15:41:21.321448 2024] [:error] [pid 5116:tid 2072] [client 156.62.1.59:37256] PHP Notice:  Undefined index: bluetoothModelling in C:\\xampp\\htdocs\\lay_Default.php on line 148, referer: http://ecms-weblan.aut.ac.nz/index.php?fuseaction=home.login
[Sun Mar 10 15:41:21.321448 2024] [:error] [pid 5116:tid 2072] [client 156.62.1.59:37256] PHP Notice:  Undefined index: bluetoothScenarios in C:\\xampp\\htdocs\\lay_Default.php on line 152, referer: http://ecms-weblan.aut.ac.nz/index.php?fuseaction=home.login
[Sun Mar 10 15:41:21.321448 2024] [:error] [pid 5116:tid 2072] [client 156.62.1.59:37256] PHP Notice:  Undefined index: bluetoothKeyTerms in C:\\xampp\\htdocs\\lay_Default.php on line 156, referer: http://ecms-weblan.aut.ac.nz/index.php?fuseaction=home.login
[Sun Mar 10 15:41:21.321448 2024] [:error] [pid 5116:tid 2072] [client 156.62.1.59:37256] PHP Notice:  Undefined index: bluetoothReview in C:\\xampp\\htdocs\\lay_Default.php on line 160, referer: http://ecms-weblan.aut.ac.nz/index.php?fuseaction=home.login
[Sun Mar 10 15:41:23.165233 2024] [:error] [pid 5116:tid 2072] [client 156.62.1.59:37260] PHP Notice:  Undefined index: bluetooth in C:\\xampp\\htdocs\\lay_Default.php on line 136, referer: http://ecms-weblan.aut.ac.nz/index.php?fuseaction=admin.main
[Sun Mar 10 15:41:23.165233 2024] [:error] [pid 5116:tid 2072] [client 156.62.1.59:37260] PHP Notice:  Undefined index: bluetoothTutorial in C:\\xampp\\htdocs\\lay_Default.php on line 140, referer: http://ecms-weblan.aut.ac.nz/index.php?fuseaction=admin.main
[Sun Mar 10 15:41:23.165233 2024] [:error] [pid 5116:tid 2072] [client 156.62.1.59:37260] PHP Notice:  Undefined index: bluetoothQuiz in C:\\xampp\\htdocs\\lay_Default.php on line 144, referer: http://ecms-weblan.aut.ac.nz/index.php?fuseaction=admin.main
[Sun Mar 10 15:41:23.165233 2024] [:error] [pid 5116:tid 2072] [client 156.62.1.59:37260] PHP Notice:  Undefined index: bluetoothModelling in C:\\xampp\\htdocs\\lay_Default.php on line 148, referer: http://ecms-weblan.aut.ac.nz/index.php?fuseaction=admin.main
[Sun Mar 10 15:41:23.165233 2024] [:error] [pid 5116:tid 2072] [client 156.62.1.59:37260] PHP Notice:  Undefined index: bluetoothScenarios in C:\\xampp\\htdocs\\lay_Default.php on line 152, referer: http://ecms-weblan.aut.ac.nz/index.php?fuseaction=admin.main
[Sun Mar 10 15:41:23.165233 2024] [:error] [pid 5116:tid 2072] [client 156.62.1.59:37260] PHP Notice:  Undefined index: bluetoothKeyTerms in C:\\xampp\\htdocs\\lay_Default.php on line 156, referer: http://ecms-weblan.aut.ac.nz/index.php?fuseaction=admin.main
[Sun Mar 10 15:41:23.165233 2024] [:error] [pid 5116:tid 2072] [client 156.62.1.59:37260] PHP Notice:  Undefined index: bluetoothReview in C:\\xampp\\htdocs\\lay_Default.php on line 160, referer: http://ecms-weblan.aut.ac.nz/index.php?fuseaction=admin.main
[Sun Mar 10 15:41:25.743417 2024] [:error] [pid 5116:tid 2072] [client 156.62.1.59:37262] PHP Notice:  Undefined index: bluetooth in C:\\xampp\\htdocs\\lay_Default.php on line 136, referer: http://ecms-weblan.aut.ac.nz/index.php?fuseaction=admin.main
[Sun Mar 10 15:41:25.743417 2024] [:error] [pid 5116:tid 2072] [client 156.62.1.59:37262] PHP Notice:  Undefined index: bluetoothTutorial in C:\\xampp\\htdocs\\lay_Default.php on line 140, referer: http://ecms-weblan.aut.ac.nz/index.php?fuseaction=admin.main
[Sun Mar 10 15:41:25.743417 2024] [:error] [pid 5116:tid 2072] [client 156.62.1.59:37262] PHP Notice:  Undefined index: bluetoothQuiz in C:\\xampp\\htdocs\\lay_Default.php on line 144, referer: http://ecms-weblan.aut.ac.nz/index.php?fuseaction=admin.main
[Sun Mar 10 15:41:25.743417 2024] [:error] [pid 5116:tid 2072] [client 156.62.1.59:37262] PHP Notice:  Undefined index: bluetoothModelling in C:\\xampp\\htdocs\\lay_Default.php on line 148, referer: http://ecms-weblan.aut.ac.nz/index.php?fuseaction=admin.main
[Sun Mar 10 15:41:25.743417 2024] [:error] [pid 5116:tid 2072] [client 156.62.1.59:37262] PHP Notice:  Undefined index: bluetoothScenarios in C:\\xampp\\htdocs\\lay_Default.php on line 152, referer: http://ecms-weblan.aut.ac.nz/index.php?fuseaction=admin.main
[Sun Mar 10 15:41:25.743417 2024] [:error] [pid 5116:tid 2072] [client 156.62.1.59:37262] PHP Notice:  Undefined index: bluetoothKeyTerms in C:\\xampp\\htdocs\\lay_Default.php on line 156, referer: http://ecms-weblan.aut.ac.nz/index.php?fuseaction=admin.main
[Sun Mar 10 15:41:25.743417 2024] [:error] [pid 5116:tid 2072] [client 156.62.1.59:37262] PHP Notice:  Undefined index: bluetoothReview in C:\\xampp\\htdocs\\lay_Default.php on line 160, referer: http://ecms-weblan.aut.ac.nz/index.php?fuseaction=admin.main
[Sun Mar 10 16:14:49.123589 2024] [:error] [pid 5116:tid 2072] [client 156.62.1.59:37296] PHP Notice:  Undefined index: bluetooth in C:\\xampp\\htdocs\\lay_Default.php on line 136, referer: http://ecms-weblan.aut.ac.nz/index.php?fuseaction=home.login
[Sun Mar 10 16:14:49.123589 2024] [:error] [pid 5116:tid 2072] [client 156.62.1.59:37296] PHP Notice:  Undefined index: bluetoothTutorial in C:\\xampp\\htdocs\\lay_Default.php on line 140, referer: http://ecms-weblan.aut.ac.nz/index.php?fuseaction=home.login
[Sun Mar 10 16:14:49.123589 2024] [:error] [pid 5116:tid 2072] [client 156.62.1.59:37296] PHP Notice:  Undefined index: bluetoothQuiz in C:\\xampp\\htdocs\\lay_Default.php on line 144, referer: http://ecms-weblan.aut.ac.nz/index.php?fuseaction=home.login
[Sun Mar 10 16:14:49.123589 2024] [:error] [pid 5116:tid 2072] [client 156.62.1.59:37296] PHP Notice:  Undefined index: bluetoothModelling in C:\\xampp\\htdocs\\lay_Default.php on line 148, referer: http://ecms-weblan.aut.ac.nz/index.php?fuseaction=home.login
[Sun Mar 10 16:14:49.123589 2024] [:error] [pid 5116:tid 2072] [client 156.62.1.59:37296] PHP Notice:  Undefined index: bluetoothScenarios in C:\\xampp\\htdocs\\lay_Default.php on line 152, referer: http://ecms-weblan.aut.ac.nz/index.php?fuseaction=home.login
[Sun Mar 10 16:14:49.123589 2024] [:error] [pid 5116:tid 2072] [client 156.62.1.59:37296] PHP Notice:  Undefined index: bluetoothKeyTerms in C:\\xampp\\htdocs\\lay_Default.php on line 156, referer: http://ecms-weblan.aut.ac.nz/index.php?fuseaction=home.login
[Sun Mar 10 16:14:49.123589 2024] [:error] [pid 5116:tid 2072] [client 156.62.1.59:37296] PHP Notice:  Undefined index: bluetoothReview in C:\\xampp\\htdocs\\lay_Default.php on line 160, referer: http://ecms-weblan.aut.ac.nz/index.php?fuseaction=home.login
[Sun Mar 10 16:19:00.015162 2024] [:error] [pid 5116:tid 2028] [client 156.62.126.49:63321] PHP Notice:  Undefined index: wirelessAdHocModel in C:\\xampp\\htdocs\\sit_Modeller\\dsp_Wireless.php on line 32, referer: http://ecms-weblan.aut.ac.nz/index.php?fuseaction=modelling.wireless
[Sun Mar 10 16:19:15.718384 2024] [:error] [pid 5116:tid 2060] [client 156.62.126.49:63322] PHP Notice:  Undefined index: wirelessAdHocModel in C:\\xampp\\htdocs\\sit_Modeller\\dsp_Wireless.php on line 32, referer: http://ecms-weblan.aut.ac.nz/index.php?fuseaction=modelling.wireless
[Sun Mar 10 16:19:16.968347 2024] [:error] [pid 5116:tid 2060] [client 156.62.126.49:63322] PHP Notice:  Undefined index: wirelessAdHocModel in C:\\xampp\\htdocs\\sit_Modeller\\dsp_Wireless.php on line 32, referer: http://ecms-weblan.aut.ac.nz/index.php?fuseaction=modelling.wireless
[Sun Mar 10 16:19:20.093364 2024] [:error] [pid 5116:tid 2060] [client 156.62.126.49:63322] PHP Notice:  Undefined index: wirelessAdHocModel in C:\\xampp\\htdocs\\sit_Modeller\\dsp_Wireless.php on line 32, referer: http://ecms-weblan.aut.ac.nz/index.php?fuseaction=modelling.wireless
[Sun Mar 10 16:19:39.452847 2024] [:error] [pid 5116:tid 2028] [client 156.62.126.49:63325] PHP Notice:  Undefined index: wirelessAdHocModel in C:\\xampp\\htdocs\\sit_Modeller\\dsp_Wireless.php on line 32, referer: http://ecms-weblan.aut.ac.nz/index.php?fuseaction=modelling.wireless
[Sun Mar 10 16:19:40.327850 2024] [:error] [pid 5116:tid 2028] [client 156.62.126.49:63325] PHP Notice:  Undefined index: wirelessAdHocModel in C:\\xampp\\htdocs\\sit_Modeller\\dsp_Wireless.php on line 32, referer: http://ecms-weblan.aut.ac.nz/index.php?fuseaction=modelling.wireless
[Sun Mar 10 16:19:41.280946 2024] [:error] [pid 5116:tid 2028] [client 156.62.126.49:63325] PHP Notice:  Undefined index: wirelessAdHocModel in C:\\xampp\\htdocs\\sit_Modeller\\dsp_Wireless.php on line 32, referer: http://ecms-weblan.aut.ac.nz/index.php?fuseaction=modelling.wireless
[Sun Mar 10 16:19:41.421604 2024] [:error] [pid 5116:tid 2028] [client 156.62.126.49:63325] PHP Notice:  Undefined index: wirelessAdHocModel in C:\\xampp\\htdocs\\sit_Modeller\\dsp_Wireless.php on line 32, referer: http://ecms-weblan.aut.ac.nz/index.php?fuseaction=modelling.wireless
[Sun Mar 10 16:19:41.593479 2024] [:error] [pid 5116:tid 2028] [client 156.62.126.49:63325] PHP Notice:  Undefined index: wirelessAdHocModel in C:\\xampp\\htdocs\\sit_Modeller\\dsp_Wireless.php on line 32, referer: http://ecms-weblan.aut.ac.nz/index.php?fuseaction=modelling.wireless
[Sun Mar 10 16:23:10.828679 2024] [:error] [pid 5116:tid 2072] [client 156.62.126.49:53826] PHP Notice:  Undefined index: dataModel2 in C:\\xampp\\htdocs\\sit_Modeller\\dsp_Data.php on line 11, referer: https://ecms-weblan.aut.ac.nz/index.php?fuseaction=modelling.tcpip
[Sun Mar 10 16:23:10.828679 2024] [:error] [pid 5116:tid 2072] [client 156.62.126.49:53826] PHP Notice:  Undefined index: dataModel2 in C:\\xampp\\htdocs\\sit_Modeller\\dsp_Data.php on line 48, referer: https://ecms-weblan.aut.ac.nz/index.php?fuseaction=modelling.tcpip
[Mon Mar 11 12:46:47.317479 2024] [:error] [pid 5116:tid 2028] [client 156.62.1.59:37890] PHP Notice:  Undefined index: bluetooth in C:\\xampp\\htdocs\\lay_Default.php on line 136, referer: http://ecms-weblan.aut.ac.nz/index.php?fuseaction=home.login
[Mon Mar 11 12:46:47.317479 2024] [:error] [pid 5116:tid 2028] [client 156.62.1.59:37890] PHP Notice:  Undefined index: bluetoothTutorial in C:\\xampp\\htdocs\\lay_Default.php on line 140, referer: http://ecms-weblan.aut.ac.nz/index.php?fuseaction=home.login
[Mon Mar 11 12:46:47.317479 2024] [:error] [pid 5116:tid 2028] [client 156.62.1.59:37890] PHP Notice:  Undefined index: bluetoothQuiz in C:\\xampp\\htdocs\\lay_Default.php on line 144, referer: http://ecms-weblan.aut.ac.nz/index.php?fuseaction=home.login
[Mon Mar 11 12:46:47.317479 2024] [:error] [pid 5116:tid 2028] [client 156.62.1.59:37890] PHP Notice:  Undefined index: bluetoothModelling in C:\\xampp\\htdocs\\lay_Default.php on line 148, referer: http://ecms-weblan.aut.ac.nz/index.php?fuseaction=home.login
[Mon Mar 11 12:46:47.317479 2024] [:error] [pid 5116:tid 2028] [client 156.62.1.59:37890] PHP Notice:  Undefined index: bluetoothScenarios in C:\\xampp\\htdocs\\lay_Default.php on line 152, referer: http://ecms-weblan.aut.ac.nz/index.php?fuseaction=home.login
[Mon Mar 11 12:46:47.317479 2024] [:error] [pid 5116:tid 2028] [client 156.62.1.59:37890] PHP Notice:  Undefined index: bluetoothKeyTerms in C:\\xampp\\htdocs\\lay_Default.php on line 156, referer: http://ecms-weblan.aut.ac.nz/index.php?fuseaction=home.login
[Mon Mar 11 12:46:47.317479 2024] [:error] [pid 5116:tid 2028] [client 156.62.1.59:37890] PHP Notice:  Undefined index: bluetoothReview in C:\\xampp\\htdocs\\lay_Default.php on line 160, referer: http://ecms-weblan.aut.ac.nz/index.php?fuseaction=home.login
[Tue Mar 12 15:02:31.753340 2024] [:error] [pid 5116:tid 2040] [client 156.62.1.59:38910] PHP Notice:  Undefined index: wiredBusModel in C:\\xampp\\htdocs\\sit_Modeller\\dsp_Wired.php on line 23, referer: http://ecms-weblan.aut.ac.nz/index.php?fuseaction=modelling.wired
